  mapping.cpp
c:\users\connor\git\dissertation\noiseutils.h(1217): warning C4244: 'initializing': conversion from 'const double' to 'float', possible loss of data
mapping.cpp(47): warning C4244: 'argument': conversion from 'int' to 'float', possible loss of data
mapping.cpp(48): warning C4244: 'argument': conversion from 'int' to 'float', possible loss of data
mapping.cpp(66): warning C4244: 'initializing': conversion from 'float' to 'int', possible loss of data
mapping.cpp(77): warning C4244: '=': conversion from 'int' to 'float', possible loss of data
mapping.cpp(219): warning C4244: 'argument': conversion from 'double' to 'float', possible loss of data
mapping.cpp(227): warning C4244: 'initializing': conversion from 'double' to 'float', possible loss of data
mapping.cpp(291): warning C4244: '+=': conversion from 'double' to 'float', possible loss of data
mapping.cpp(292): warning C4244: '+=': conversion from 'double' to 'float', possible loss of data
mapping.cpp(308): warning C4305: '+=': truncation from 'double' to 'float'
  Generating code
  72 of 1119 functions ( 6.4%) were compiled, the rest were copied from previous compilation.
    0 functions were new in current compilation
    8 functions had inline decision re-evaluated but remain unchanged
  Finished generating code
LibNoise64.lib(modulebase.obj) : warning LNK4099: PDB 'LibNoise64.pdb' was not found with 'LibNoise64.lib(modulebase.obj)' or at 'C:\Users\Connor\git\Dissertation\x64\Release\LibNoise64.pdb'; linking object as if no debug info
LibNoise64.lib(perlin.obj) : warning LNK4099: PDB 'LibNoise64.pdb' was not found with 'LibNoise64.lib(perlin.obj)' or at 'C:\Users\Connor\git\Dissertation\x64\Release\LibNoise64.pdb'; linking object as if no debug info
LibNoise64.lib(ridgedmulti.obj) : warning LNK4099: PDB 'LibNoise64.pdb' was not found with 'LibNoise64.lib(ridgedmulti.obj)' or at 'C:\Users\Connor\git\Dissertation\x64\Release\LibNoise64.pdb'; linking object as if no debug info
LibNoise64.lib(blend.obj) : warning LNK4099: PDB 'LibNoise64.pdb' was not found with 'LibNoise64.lib(blend.obj)' or at 'C:\Users\Connor\git\Dissertation\x64\Release\LibNoise64.pdb'; linking object as if no debug info
LibNoise64.lib(billow.obj) : warning LNK4099: PDB 'LibNoise64.pdb' was not found with 'LibNoise64.lib(billow.obj)' or at 'C:\Users\Connor\git\Dissertation\x64\Release\LibNoise64.pdb'; linking object as if no debug info
LibNoise64.lib(noisegen.obj) : warning LNK4099: PDB 'LibNoise64.pdb' was not found with 'LibNoise64.lib(noisegen.obj)' or at 'C:\Users\Connor\git\Dissertation\x64\Release\LibNoise64.pdb'; linking object as if no debug info
  Dissertation.vcxproj -> C:\Users\Connor\git\Dissertation\x64\Release\Dissertation.exe
