c:\users\connor\uni\dissertation\dissertation\x64\release\vc141.pdb
c:\users\connor\uni\dissertation\dissertation\x64\release\timerclass.obj
c:\users\connor\uni\dissertation\dissertation\x64\release\textureshaderclass.obj
c:\users\connor\uni\dissertation\dissertation\x64\release\textureclass.obj
c:\users\connor\uni\dissertation\dissertation\x64\release\systemclass.obj
c:\users\connor\uni\dissertation\dissertation\x64\release\planet.obj
c:\users\connor\uni\dissertation\dissertation\x64\release\modelclass.obj
c:\users\connor\uni\dissertation\dissertation\x64\release\maths.obj
c:\users\connor\uni\dissertation\dissertation\x64\release\mapping.obj
c:\users\connor\uni\dissertation\dissertation\x64\release\main.obj
c:\users\connor\uni\dissertation\dissertation\x64\release\light.obj
c:\users\connor\uni\dissertation\dissertation\x64\release\inputclass.obj
c:\users\connor\uni\dissertation\dissertation\x64\release\graphicsclass.obj
c:\users\connor\uni\dissertation\dissertation\x64\release\face.obj
c:\users\connor\uni\dissertation\dissertation\x64\release\d3dclass.obj
c:\users\connor\uni\dissertation\dissertation\x64\release\colorshaderclass.obj
c:\users\connor\uni\dissertation\dissertation\x64\release\cameraclass.obj
c:\users\connor\uni\dissertation\dissertation\x64\release\dissertation.ipdb
c:\users\connor\uni\dissertation\dissertation\x64\release\dissertation.iobj
c:\users\connor\uni\dissertation\dissertation\x64\release\color.cso
c:\users\connor\uni\dissertation\dissertation\x64\release\texture.cso
c:\users\connor\uni\dissertation\dissertation\x64\release\dissertation.exe
c:\users\connor\uni\dissertation\dissertation\x64\release\dissertation.pdb
c:\users\connor\uni\dissertation\dissertation\x64\release\dissertation.tlog\cl.command.1.tlog
c:\users\connor\uni\dissertation\dissertation\x64\release\dissertation.tlog\cl.read.1.tlog
c:\users\connor\uni\dissertation\dissertation\x64\release\dissertation.tlog\cl.write.1.tlog
c:\users\connor\uni\dissertation\dissertation\x64\release\dissertation.tlog\dissertation.write.1u.tlog
c:\users\connor\uni\dissertation\dissertation\x64\release\dissertation.tlog\link.command.1.tlog
c:\users\connor\uni\dissertation\dissertation\x64\release\dissertation.tlog\link.read.1.tlog
c:\users\connor\uni\dissertation\dissertation\x64\release\dissertation.tlog\link.write.1.tlog
